<?xml version="1.0" encoding="UTF-8"?>
<testng-results skipped="0" failed="0" total="1" passed="1">
  <reporter-output>
  </reporter-output>
  <suite name="Suite" duration-ms="17188" started-at="2016-11-23T07:55:35Z" finished-at="2016-11-23T07:55:52Z">
    <groups>
    </groups>
    <test name="Test" duration-ms="17188" started-at="2016-11-23T07:55:35Z" finished-at="2016-11-23T07:55:52Z">
      <class name="com.orange.script.Scenario15">
        <test-method status="PASS" signature="preCondition()[pri:0, instance:com.orange.script.Scenario15@12cc05a]" name="preCondition" is-config="true" duration-ms="6862" started-at="2016-11-23T13:25:35Z" finished-at="2016-11-23T13:25:42Z">
          <reporter-output>
          </reporter-output>
        </test-method> <!-- preCondition -->
        <test-method status="PASS" signature="testScenario14()[pri:0, instance:com.orange.script.Scenario15@12cc05a]" name="testScenario14" duration-ms="9435" started-at="2016-11-23T13:25:42Z" finished-at="2016-11-23T13:25:51Z">
          <reporter-output>
          </reporter-output>
        </test-method> <!-- testScenario14 -->
        <test-method status="PASS" signature="postCondition()[pri:0, instance:com.orange.script.Scenario15@12cc05a]" name="postCondition" is-config="true" duration-ms="871" started-at="2016-11-23T13:25:51Z" finished-at="2016-11-23T13:25:52Z">
          <reporter-output>
          </reporter-output>
        </test-method> <!-- postCondition -->
      </class> <!-- com.orange.script.Scenario15 -->
    </test> <!-- Test -->
  </suite> <!-- Suite -->
</testng-results>
